{"meta": {"format": 3, "version": "7.13.4", "timestamp": "2026-03-02T01:48:52.347704", "branch_coverage": false, "show_contexts": false}, "files": {"src\\__init__.py": {"executed_lines": [], "summary": {"covered_lines": 0, "num_statements": 0, "percent_covered": 100.0, "percent_covered_display": "100", "missing_lines": 0, "excluded_lines": 0, "percent_statements_covered": 100.0, "percent_statements_covered_display": "100"}, "missing_lines": [], "excluded_lines": [], "functions": {"": {"executed_lines": [], "summary": {"covered_lines": 0, "num_statements": 0, "percent_covered": 100.0, "percent_covered_display": "100", "missing_lines": 0, "excluded_lines": 0, "percent_statements_covered": 100.0, "percent_statements_covered_display": "100"}, "missing_lines": [], "excluded_lines": [], "start_line": 1}}, "classes": {"": {"executed_lines": [], "summary": {"covered_lines": 0, "num_statements": 0, "percent_covered": 100.0, "percent_covered_display": "100", "missing_lines": 0, "excluded_lines": 0, "percent_statements_covered": 100.0, "percent_statements_covered_display": "100"}, "missing_lines": [], "excluded_lines": [], "start_line": 1}}}, "src\\classify_user.py": {"executed_lines": [], "summary": {"covered_lines": 0, "num_statements": 36, "percent_covered": 0.0, "percent_covered_display": "0", "missing_lines": 36, "excluded_lines": 0, "percent_statements_covered": 0.0, "percent_statements_covered_display": "0"}, "missing_lines": [12, 13, 14, 16, 17, 18, 19, 22, 29, 31, 33, 34, 35, 36, 39, 40, 43, 50, 51, 52, 53, 62, 70, 72, 74, 75, 78, 80, 81, 83, 84, 85, 86, 87, 90, 91], "excluded_lines": [], "functions": {"classify_user_from_input": {"executed_lines": [], "summary": {"covered_lines": 0, "num_statements": 18, "percent_covered": 0.0, "percent_covered_display": "0", "missing_lines": 18, "excluded_lines": 0, "percent_statements_covered": 0.0, "percent_statements_covered_display": "0"}, "missing_lines": [29, 31, 33, 34, 35, 36, 39, 40, 43, 50, 51, 52, 53, 62, 70, 72, 74, 75], "excluded_lines": [], "start_line": 22}, "main": {"executed_lines": [], "summary": {"covered_lines": 0, "num_statements": 7, "percent_covered": 0.0, "percent_covered_display": "0", "missing_lines": 7, "excluded_lines": 0, "percent_statements_covered": 0.0, "percent_statements_covered_display": "0"}, "missing_lines": [80, 81, 83, 84, 85, 86, 87], "excluded_lines": [], "start_line": 78}, "": {"executed_lines": [], "summary": {"covered_lines": 0, "num_statements": 11, "percent_covered": 0.0, "percent_covered_display": "0", "missing_lines": 11, "excluded_lines": 0, "percent_statements_covered": 0.0, "percent_statements_covered_display": "0"}, "missing_lines": [12, 13, 14, 16, 17, 18, 19, 22, 78, 90, 91], "excluded_lines": [], "start_line": 1}}, "classes": {"": {"executed_lines": [], "summary": {"covered_lines": 0, "num_statements": 36, "percent_covered": 0.0, "percent_covered_display": "0", "missing_lines": 36, "excluded_lines": 0, "percent_statements_covered": 0.0, "percent_statements_covered_display": "0"}, "missing_lines": [12, 13, 14, 16, 17, 18, 19, 22, 29, 31, 33, 34, 35, 36, 39, 40, 43, 50, 51, 52, 53, 62, 70, 72, 74, 75, 78, 80, 81, 83, 84, 85, 86, 87, 90, 91], "excluded_lines": [], "start_line": 1}}}, "src\\eligibility_engine.py": {"executed_lines": [9, 10, 11, 12, 15, 27, 29, 30, 32, 54, 55, 58, 61, 64, 67, 74, 83, 101, 103, 104, 106, 107, 109, 110, 111, 114, 115, 116, 117, 119, 126, 137, 138, 140, 142, 163, 164, 165, 166, 169, 170, 171, 172, 174, 177, 180, 183, 185, 192, 204, 210, 213, 214, 217, 218, 221, 225, 227, 237, 238, 239, 240, 242, 244, 257, 261, 275, 277, 279, 280, 283, 284, 285, 286, 288, 290, 303, 304, 305, 306, 311, 330, 331, 333, 336, 337, 338, 340, 341, 342, 344, 345, 352, 360, 361, 363, 364, 365, 372, 380, 381, 383, 384, 385, 392, 400, 401, 403, 404, 412, 420, 421, 423, 424, 425, 433, 434, 436, 437, 438, 446, 447, 449, 450, 451, 458, 460, 466, 468, 469, 470, 472, 473, 474, 475, 476, 477, 478, 480, 481, 482, 483, 484, 485, 487, 489, 496, 498, 499, 500, 501, 502, 504, 505, 509, 510, 514, 515, 526, 528, 534, 536, 537, 539, 540, 543, 544, 548, 549, 557, 558, 562, 564, 566, 567, 568, 570, 572, 573, 575, 576, 579, 583, 585, 587], "summary": {"covered_lines": 185, "num_statements": 198, "percent_covered": 93.43434343434343, "percent_covered_display": "93", "missing_lines": 13, "excluded_lines": 0, "percent_statements_covered": 93.43434343434343, "percent_statements_covered_display": "93"}, "missing_lines": [205, 307, 308, 309, 405, 479, 519, 520, 521, 552, 553, 580, 581], "excluded_lines": [], "functions": {"EligibilityEngine.__init__": {"executed_lines": [29, 30], "summary": {"covered_lines": 2, "num_statements": 2, "percent_covered": 100.0, "percent_covered_display": "100", "missing_lines": 0, "excluded_lines": 0, "percent_statements_covered": 100.0, "percent_statements_covered_display": "100"}, "missing_lines": [], "excluded_lines": [], "start_line": 27}, "EligibilityEngine.calculate_eligibility": {"executed_lines": [54, 55, 58, 61, 64, 67, 74], "summary": {"covered_lines": 7, "num_statements": 7, "percent_covered": 100.0, "percent_covered_display": "100", "missing_lines": 0, "excluded_lines": 0, "percent_statements_covered": 100.0, "percent_statements_covered_display": "100"}, "missing_lines": [], "excluded_lines": [], "start_line": 32}, "EligibilityEngine.batch_calculate_eligibility": {"executed_lines": [101, 103, 104, 106, 107, 109, 110, 111, 114, 115, 116, 117, 119, 126, 137, 138, 140], "summary": {"covered_lines": 17, "num_statements": 17, "percent_covered": 100.0, "percent_covered_display": "100", "missing_lines": 0, "excluded_lines": 0, "percent_statements_covered": 100.0, "percent_statements_covered_display": "100"}, "missing_lines": [], "excluded_lines": [], "start_line": 83}, "EligibilityEngine.generate_explanation": {"executed_lines": [163, 164, 165, 166, 169, 170, 171, 172, 174, 177, 180, 183, 185], "summary": {"covered_lines": 13, "num_statements": 13, "percent_covered": 100.0, "percent_covered_display": "100", "missing_lines": 0, "excluded_lines": 0, "percent_statements_covered": 100.0, "percent_statements_covered_display": "100"}, "missing_lines": [], "excluded_lines": [], "start_line": 142}, "EligibilityEngine._cosine_similarity": {"executed_lines": [204, 210, 213, 214, 217, 218, 221, 225], "summary": {"covered_lines": 8, "num_statements": 9, "percent_covered": 88.88888888888889, "percent_covered_display": "89", "missing_lines": 1, "excluded_lines": 0, "percent_statements_covered": 88.88888888888889, "percent_statements_covered_display": "89"}, "missing_lines": [205], "excluded_lines": [], "start_line": 192}, "EligibilityEngine._categorize_eligibility": {"executed_lines": [237, 238, 239, 240, 242], "summary": {"covered_lines": 5, "num_statements": 5, "percent_covered": 100.0, "percent_covered_display": "100", "missing_lines": 0, "excluded_lines": 0, "percent_statements_covered": 100.0, "percent_statements_covered_display": "100"}, "missing_lines": [], "excluded_lines": [], "start_line": 227}, "EligibilityEngine._extract_scheme_vector": {"executed_lines": [257, 261, 275], "summary": {"covered_lines": 3, "num_statements": 3, "percent_covered": 100.0, "percent_covered_display": "100", "missing_lines": 0, "excluded_lines": 0, "percent_statements_covered": 100.0, "percent_statements_covered_display": "100"}, "missing_lines": [], "excluded_lines": [], "start_line": 244}, "EligibilityEngine._get_midpoint_age": {"executed_lines": [279, 280, 283, 284, 285, 286, 288], "summary": {"covered_lines": 7, "num_statements": 7, "percent_covered": 100.0, "percent_covered_display": "100", "missing_lines": 0, "excluded_lines": 0, "percent_statements_covered": 100.0, "percent_statements_covered_display": "100"}, "missing_lines": [], "excluded_lines": [], "start_line": 277}, "EligibilityEngine._get_first_or_default": {"executed_lines": [303, 304, 305, 306], "summary": {"covered_lines": 4, "num_statements": 7, "percent_covered": 57.142857142857146, "percent_covered_display": "57", "missing_lines": 3, "excluded_lines": 0, "percent_statements_covered": 57.142857142857146, "percent_statements_covered_display": "57"}, "missing_lines": [307, 308, 309], "excluded_lines": [], "start_line": 290}, "EligibilityEngine._analyze_criteria": {"executed_lines": [330, 331, 333, 336, 337, 338, 340, 341, 342, 344, 345, 352, 360, 361, 363, 364, 365, 372, 380, 381, 383, 384, 385, 392, 400, 401, 403, 404, 412, 420, 421, 423, 424, 425, 433, 434, 436, 437, 438, 446, 447, 449, 450, 451, 458], "summary": {"covered_lines": 45, "num_statements": 46, "percent_covered": 97.82608695652173, "percent_covered_display": "98", "missing_lines": 1, "excluded_lines": 0, "percent_statements_covered": 97.82608695652173, "percent_statements_covered_display": "98"}, "missing_lines": [405], "excluded_lines": [], "start_line": 311}, "EligibilityEngine._format_top_criteria": {"executed_lines": [466, 468, 469, 470, 472, 473, 474, 475, 476, 477, 478, 480, 481, 482, 483, 484, 485, 487], "summary": {"covered_lines": 18, "num_statements": 19, "percent_covered": 94.73684210526316, "percent_covered_display": "95", "missing_lines": 1, "excluded_lines": 0, "percent_statements_covered": 94.73684210526316, "percent_statements_covered_display": "95"}, "missing_lines": [479], "excluded_lines": [], "start_line": 460}, "EligibilityEngine._format_gaps": {"executed_lines": [496, 498, 499, 500, 501, 502, 504, 505, 509, 510, 514, 515, 526], "summary": {"covered_lines": 13, "num_statements": 16, "percent_covered": 81.25, "percent_covered_display": "81", "missing_lines": 3, "excluded_lines": 0, "percent_statements_covered": 81.25, "percent_statements_covered_display": "81"}, "missing_lines": [519, 520, 521], "excluded_lines": [], "start_line": 489}, "EligibilityEngine._generate_recommendations": {"executed_lines": [534, 536, 537, 539, 540, 543, 544, 548, 549, 557, 558, 562], "summary": {"covered_lines": 12, "num_statements": 14, "percent_covered": 85.71428571428571, "percent_covered_display": "86", "missing_lines": 2, "excluded_lines": 0, "percent_statements_covered": 85.71428571428571, "percent_statements_covered_display": "86"}, "missing_lines": [552, 553], "excluded_lines": [], "start_line": 528}, "EligibilityEngine._get_cache_key": {"executed_lines": [566, 567, 568], "summary": {"covered_lines": 3, "num_statements": 3, "percent_covered": 100.0, "percent_covered_display": "100", "missing_lines": 0, "excluded_lines": 0, "percent_statements_covered": 100.0, "percent_statements_covered_display": "100"}, "missing_lines": [], "excluded_lines": [], "start_line": 564}, "EligibilityEngine._get_cached_result": {"executed_lines": [572, 573, 575, 576, 579, 583], "summary": {"covered_lines": 6, "num_statements": 8, "percent_covered": 75.0, "percent_covered_display": "75", "missing_lines": 2, "excluded_lines": 0, "percent_statements_covered": 75.0, "percent_statements_covered_display": "75"}, "missing_lines": [580, 581], "excluded_lines": [], "start_line": 570}, "EligibilityEngine._cache_result": {"executed_lines": [587], "summary": {"covered_lines": 1, "num_statements": 1, "percent_covered": 100.0, "percent_covered_display": "100", "missing_lines": 0, "excluded_lines": 0, "percent_statements_covered": 100.0, "percent_statements_covered_display": "100"}, "missing_lines": [], "excluded_lines": [], "start_line": 585}, "": {"executed_lines": [9, 10, 11, 12, 15, 27, 32, 83, 142, 192, 227, 244, 277, 290, 311, 460, 489, 528, 564, 570, 585], "summary": {"covered_lines": 21, "num_statements": 21, "percent_covered": 100.0, "percent_covered_display": "100", "missing_lines": 0, "excluded_lines": 0, "percent_statements_covered": 100.0, "percent_statements_covered_display": "100"}, "missing_lines": [], "excluded_lines": [], "start_line": 1}}, "classes": {"EligibilityEngine": {"executed_lines": [29, 30, 54, 55, 58, 61, 64, 67, 74, 101, 103, 104, 106, 107, 109, 110, 111, 114, 115, 116, 117, 119, 126, 137, 138, 140, 163, 164, 165, 166, 169, 170, 171, 172, 174, 177, 180, 183, 185, 204, 210, 213, 214, 217, 218, 221, 225, 237, 238, 239, 240, 242, 257, 261, 275, 279, 280, 283, 284, 285, 286, 288, 303, 304, 305, 306, 330, 331, 333, 336, 337, 338, 340, 341, 342, 344, 345, 352, 360, 361, 363, 364, 365, 372, 380, 381, 383, 384, 385, 392, 400, 401, 403, 404, 412, 420, 421, 423, 424, 425, 433, 434, 436, 437, 438, 446, 447, 449, 450, 451, 458, 466, 468, 469, 470, 472, 473, 474, 475, 476, 477, 478, 480, 481, 482, 483, 484, 485, 487, 496, 498, 499, 500, 501, 502, 504, 505, 509, 510, 514, 515, 526, 534, 536, 537, 539, 540, 543, 544, 548, 549, 557, 558, 562, 566, 567, 568, 572, 573, 575, 576, 579, 583, 587], "summary": {"covered_lines": 164, "num_statements": 177, "percent_covered": 92.65536723163842, "percent_covered_display": "93", "missing_lines": 13, "excluded_lines": 0, "percent_statements_covered": 92.65536723163842, "percent_statements_covered_display": "93"}, "missing_lines": [205, 307, 308, 309, 405, 479, 519, 520, 521, 552, 553, 580, 581], "excluded_lines": [], "start_line": 15}, "": {"executed_lines": [9, 10, 11, 12, 15, 27, 32, 83, 142, 192, 227, 244, 277, 290, 311, 460, 489, 528, 564, 570, 585], "summary": {"covered_lines": 21, "num_statements": 21, "percent_covered": 100.0, "percent_covered_display": "100", "missing_lines": 0, "excluded_lines": 0, "percent_statements_covered": 100.0, "percent_statements_covered_display": "100"}, "missing_lines": [], "excluded_lines": [], "start_line": 1}}}, "src\\feature_extractor.py": {"executed_lines": [8, 9, 12, 23, 24, 25, 26, 27, 28, 31, 38, 48, 51, 52, 53, 56, 57, 58, 59, 60, 61, 64, 67, 69, 71, 83, 84, 86, 98, 99, 100, 101, 103, 115, 116, 118, 128, 130, 140, 142, 152, 154, 164, 166, 176, 178, 188, 190, 202, 204, 215, 216, 217, 218, 219, 221, 222, 224, 231, 243, 250, 252, 253, 254, 255, 256, 257, 258, 259, 261], "summary": {"covered_lines": 70, "num_statements": 70, "percent_covered": 100.0, "percent_covered_display": "100", "missing_lines": 0, "excluded_lines": 0, "percent_statements_covered": 100.0, "percent_statements_covered_display": "100"}, "missing_lines": [], "excluded_lines": [], "functions": {"FeatureExtractor.extract_features": {"executed_lines": [48, 51, 52, 53, 56, 57, 58, 59, 60, 61, 64, 67, 69], "summary": {"covered_lines": 13, "num_statements": 13, "percent_covered": 100.0, "percent_covered_display": "100", "missing_lines": 0, "excluded_lines": 0, "percent_statements_covered": 100.0, "percent_statements_covered_display": "100"}, "missing_lines": [], "excluded_lines": [], "start_line": 38}, "FeatureExtractor.normalize_age": {"executed_lines": [83, 84], "summary": {"covered_lines": 2, "num_statements": 2, "percent_covered": 100.0, "percent_covered_display": "100", "missing_lines": 0, "excluded_lines": 0, "percent_statements_covered": 100.0, "percent_statements_covered_display": "100"}, "missing_lines": [], "excluded_lines": [], "start_line": 71}, "FeatureExtractor.normalize_income": {"executed_lines": [98, 99, 100, 101], "summary": {"covered_lines": 4, "num_statements": 4, "percent_covered": 100.0, "percent_covered_display": "100", "missing_lines": 0, "excluded_lines": 0, "percent_statements_covered": 100.0, "percent_statements_covered_display": "100"}, "missing_lines": [], "excluded_lines": [], "start_line": 86}, "FeatureExtractor.normalize_family_size": {"executed_lines": [115, 116], "summary": {"covered_lines": 2, "num_statements": 2, "percent_covered": 100.0, "percent_covered_display": "100", "missing_lines": 0, "excluded_lines": 0, "percent_statements_covered": 100.0, "percent_statements_covered_display": "100"}, "missing_lines": [], "excluded_lines": [], "start_line": 103}, "FeatureExtractor.encode_gender": {"executed_lines": [128], "summary": {"covered_lines": 1, "num_statements": 1, "percent_covered": 100.0, "percent_covered_display": "100", "missing_lines": 0, "excluded_lines": 0, "percent_statements_covered": 100.0, "percent_statements_covered_display": "100"}, "missing_lines": [], "excluded_lines": [], "start_line": 118}, "FeatureExtractor.encode_marital_status": {"executed_lines": [140], "summary": {"covered_lines": 1, "num_statements": 1, "percent_covered": 100.0, "percent_covered_display": "100", "missing_lines": 0, "excluded_lines": 0, "percent_statements_covered": 100.0, "percent_statements_covered_display": "100"}, "missing_lines": [], "excluded_lines": [], "start_line": 130}, "FeatureExtractor.encode_employment": {"executed_lines": [152], "summary": {"covered_lines": 1, "num_statements": 1, "percent_covered": 100.0, "percent_covered_display": "100", "missing_lines": 0, "excluded_lines": 0, "percent_statements_covered": 100.0, "percent_statements_covered_display": "100"}, "missing_lines": [], "excluded_lines": [], "start_line": 142}, "FeatureExtractor.encode_education": {"executed_lines": [164], "summary": {"covered_lines": 1, "num_statements": 1, "percent_covered": 100.0, "percent_covered_display": "100", "missing_lines": 0, "excluded_lines": 0, "percent_statements_covered": 100.0, "percent_statements_covered_display": "100"}, "missing_lines": [], "excluded_lines": [], "start_line": 154}, "FeatureExtractor.encode_caste": {"executed_lines": [176], "summary": {"covered_lines": 1, "num_statements": 1, "percent_covered": 100.0, "percent_covered_display": "100", "missing_lines": 0, "excluded_lines": 0, "percent_statements_covered": 100.0, "percent_statements_covered_display": "100"}, "missing_lines": [], "excluded_lines": [], "start_line": 166}, "FeatureExtractor.encode_rural_urban": {"executed_lines": [188], "summary": {"covered_lines": 1, "num_statements": 1, "percent_covered": 100.0, "percent_covered_display": "100", "missing_lines": 0, "excluded_lines": 0, "percent_statements_covered": 100.0, "percent_statements_covered_display": "100"}, "missing_lines": [], "excluded_lines": [], "start_line": 178}, "FeatureExtractor.encode_state": {"executed_lines": [202], "summary": {"covered_lines": 1, "num_statements": 1, "percent_covered": 100.0, "percent_covered_display": "100", "missing_lines": 0, "excluded_lines": 0, "percent_statements_covered": 100.0, "percent_statements_covered_display": "100"}, "missing_lines": [], "excluded_lines": [], "start_line": 190}, "FeatureExtractor._one_hot_encode": {"executed_lines": [215, 216, 217, 218, 219, 221, 222], "summary": {"covered_lines": 7, "num_statements": 7, "percent_covered": 100.0, "percent_covered_display": "100", "missing_lines": 0, "excluded_lines": 0, "percent_statements_covered": 100.0, "percent_statements_covered_display": "100"}, "missing_lines": [], "excluded_lines": [], "start_line": 204}, "FeatureExtractor.get_feature_dimension": {"executed_lines": [231], "summary": {"covered_lines": 1, "num_statements": 1, "percent_covered": 100.0, "percent_covered_display": "100", "missing_lines": 0, "excluded_lines": 0, "percent_statements_covered": 100.0, "percent_statements_covered_display": "100"}, "missing_lines": [], "excluded_lines": [], "start_line": 224}, "FeatureExtractor.get_feature_names": {"executed_lines": [250, 252, 253, 254, 255, 256, 257, 258, 259, 261], "summary": {"covered_lines": 10, "num_statements": 10, "percent_covered": 100.0, "percent_covered_display": "100", "missing_lines": 0, "excluded_lines": 0, "percent_statements_covered": 100.0, "percent_statements_covered_display": "100"}, "missing_lines": [], "excluded_lines": [], "start_line": 243}, "": {"executed_lines": [8, 9, 12, 23, 24, 25, 26, 27, 28, 31, 38, 71, 86, 103, 118, 130, 142, 154, 166, 178, 190, 204, 224, 243], "summary": {"covered_lines": 24, "num_statements": 24, "percent_covered": 100.0, "percent_covered_display": "100", "missing_lines": 0, "excluded_lines": 0, "percent_statements_covered": 100.0, "percent_statements_covered_display": "100"}, "missing_lines": [], "excluded_lines": [], "start_line": 1}}, "classes": {"FeatureExtractor": {"executed_lines": [48, 51, 52, 53, 56, 57, 58, 59, 60, 61, 64, 67, 69, 83, 84, 98, 99, 100, 101, 115, 116, 128, 140, 152, 164, 176, 188, 202, 215, 216, 217, 218, 219, 221, 222, 231, 250, 252, 253, 254, 255, 256, 257, 258, 259, 261], "summary": {"covered_lines": 46, "num_statements": 46, "percent_covered": 100.0, "percent_covered_display": "100", "missing_lines": 0, "excluded_lines": 0, "percent_statements_covered": 100.0, "percent_statements_covered_display": "100"}, "missing_lines": [], "excluded_lines": [], "start_line": 12}, "": {"executed_lines": [8, 9, 12, 23, 24, 25, 26, 27, 28, 31, 38, 71, 86, 103, 118, 130, 142, 154, 166, 178, 190, 204, 224, 243], "summary": {"covered_lines": 24, "num_statements": 24, "percent_covered": 100.0, "percent_covered_display": "100", "missing_lines": 0, "excluded_lines": 0, "percent_statements_covered": 100.0, "percent_statements_covered_display": "100"}, "missing_lines": [], "excluded_lines": [], "start_line": 1}}}, "src\\intent_classifier.py": {"executed_lines": [24, 25, 26, 27, 28, 33, 34, 37, 39, 40, 41, 42, 43, 44, 45, 48, 49, 56, 57, 65, 71, 83, 84, 85, 88, 89, 92, 99, 100, 105, 108, 110, 113, 123, 129, 135, 141, 157, 166, 167, 168, 169, 172, 173, 174, 177, 178, 179, 183, 185, 192, 202, 203, 206, 207, 208, 213, 216, 217, 218, 219, 226, 227, 236, 237, 238, 243, 246, 247, 248, 249, 255, 257, 351, 390, 395], "summary": {"covered_lines": 76, "num_statements": 136, "percent_covered": 55.88235294117647, "percent_covered_display": "56", "missing_lines": 60, "excluded_lines": 0, "percent_statements_covered": 55.88235294117647, "percent_statements_covered_display": "56"}, "missing_lines": [93, 94, 180, 228, 229, 278, 279, 280, 282, 283, 284, 285, 286, 288, 289, 291, 292, 293, 300, 307, 308, 311, 312, 315, 316, 317, 318, 319, 321, 322, 323, 325, 331, 332, 333, 335, 337, 338, 339, 341, 344, 345, 346, 347, 349, 364, 366, 367, 369, 370, 371, 372, 375, 376, 383, 392, 393, 397, 398, 399], "excluded_lines": [], "functions": {"IntentClassifier.__init__": {"executed_lines": [83, 84, 85, 88, 89, 92, 99, 100, 105, 108], "summary": {"covered_lines": 10, "num_statements": 12, "percent_covered": 83.33333333333333, "percent_covered_display": "83", "missing_lines": 2, "excluded_lines": 0, "percent_statements_covered": 83.33333333333333, "percent_statements_covered_display": "83"}, "missing_lines": [93, 94], "excluded_lines": [], "start_line": 71}, "IntentClassifier._init_entity_patterns": {"executed_lines": [113, 123, 129, 135], "summary": {"covered_lines": 4, "num_statements": 4, "percent_covered": 100.0, "percent_covered_display": "100", "missing_lines": 0, "excluded_lines": 0, "percent_statements_covered": 100.0, "percent_statements_covered_display": "100"}, "missing_lines": [], "excluded_lines": [], "start_line": 110}, "IntentClassifier.classify": {"executed_lines": [157, 166, 167, 168, 169, 172, 173, 174, 177, 178, 179, 183, 185], "summary": {"covered_lines": 13, "num_statements": 14, "percent_covered": 92.85714285714286, "percent_covered_display": "93", "missing_lines": 1, "excluded_lines": 0, "percent_statements_covered": 92.85714285714286, "percent_statements_covered_display": "93"}, "missing_lines": [180], "excluded_lines": [], "start_line": 141}, "IntentClassifier.extract_entities": {"executed_lines": [202, 203, 206, 207, 208, 213, 216, 217, 218, 219, 226, 227, 236, 237, 238, 243, 246, 247, 248, 249, 255], "summary": {"covered_lines": 21, "num_statements": 23, "percent_covered": 91.30434782608695, "percent_covered_display": "91", "missing_lines": 2, "excluded_lines": 0, "percent_statements_covered": 91.30434782608695, "percent_statements_covered_display": "91"}, "missing_lines": [228, 229], "excluded_lines": [], "start_line": 192}, "IntentClassifier.train": {"executed_lines": [], "summary": {"covered_lines": 0, "num_statements": 33, "percent_covered": 0.0, "percent_covered_display": "0", "missing_lines": 33, "excluded_lines": 0, "percent_statements_covered": 0.0, "percent_statements_covered_display": "0"}, "missing_lines": [278, 279, 280, 282, 283, 288, 291, 307, 308, 311, 312, 315, 316, 317, 318, 319, 321, 322, 323, 325, 331, 332, 333, 335, 337, 338, 339, 341, 344, 345, 346, 347, 349], "excluded_lines": [], "start_line": 257}, "IntentClassifier.train.IntentDataset.__init__": {"executed_lines": [], "summary": {"covered_lines": 0, "num_statements": 3, "percent_covered": 0.0, "percent_covered_display": "0", "missing_lines": 3, "excluded_lines": 0, "percent_statements_covered": 0.0, "percent_statements_covered_display": "0"}, "missing_lines": [284, 285, 286], "excluded_lines": [], "start_line": 283}, "IntentClassifier.train.IntentDataset.__len__": {"executed_lines": [], "summary": {"covered_lines": 0, "num_statements": 1, "percent_covered": 0.0, "percent_covered_display": "0", "missing_lines": 1, "excluded_lines": 0, "percent_statements_covered": 0.0, "percent_statements_covered_display": "0"}, "missing_lines": [289], "excluded_lines": [], "start_line": 288}, "IntentClassifier.train.IntentDataset.__getitem__": {"executed_lines": [], "summary": {"covered_lines": 0, "num_statements": 3, "percent_covered": 0.0, "percent_covered_display": "0", "missing_lines": 3, "excluded_lines": 0, "percent_statements_covered": 0.0, "percent_statements_covered_display": "0"}, "missing_lines": [292, 293, 300], "excluded_lines": [], "start_line": 291}, "IntentClassifier.evaluate": {"executed_lines": [], "summary": {"covered_lines": 0, "num_statements": 10, "percent_covered": 0.0, "percent_covered_display": "0", "missing_lines": 10, "excluded_lines": 0, "percent_statements_covered": 0.0, "percent_statements_covered_display": "0"}, "missing_lines": [364, 366, 367, 369, 370, 371, 372, 375, 376, 383], "excluded_lines": [], "start_line": 351}, "IntentClassifier.save": {"executed_lines": [], "summary": {"covered_lines": 0, "num_statements": 2, "percent_covered": 0.0, "percent_covered_display": "0", "missing_lines": 2, "excluded_lines": 0, "percent_statements_covered": 0.0, "percent_statements_covered_display": "0"}, "missing_lines": [392, 393], "excluded_lines": [], "start_line": 390}, "IntentClassifier.load": {"executed_lines": [], "summary": {"covered_lines": 0, "num_statements": 3, "percent_covered": 0.0, "percent_covered_display": "0", "missing_lines": 3, "excluded_lines": 0, "percent_statements_covered": 0.0, "percent_statements_covered_display": "0"}, "missing_lines": [397, 398, 399], "excluded_lines": [], "start_line": 395}, "": {"executed_lines": [24, 25, 26, 27, 28, 33, 34, 37, 39, 40, 41, 42, 43, 44, 45, 48, 49, 56, 57, 65, 71, 110, 141, 192, 257, 351, 390, 395], "summary": {"covered_lines": 28, "num_statements": 28, "percent_covered": 100.0, "percent_covered_display": "100", "missing_lines": 0, "excluded_lines": 0, "percent_statements_covered": 100.0, "percent_statements_covered_display": "100"}, "missing_lines": [], "excluded_lines": [], "start_line": 1}}, "classes": {"Intent": {"executed_lines": [], "summary": {"covered_lines": 0, "num_statements": 0, "percent_covered": 100.0, "percent_covered_display": "100", "missing_lines": 0, "excluded_lines": 0, "percent_statements_covered": 100.0, "percent_statements_covered_display": "100"}, "missing_lines": [], "excluded_lines": [], "start_line": 37}, "Entity": {"executed_lines": [], "summary": {"covered_lines": 0, "num_statements": 0, "percent_covered": 100.0, "percent_covered_display": "100", "missing_lines": 0, "excluded_lines": 0, "percent_statements_covered": 100.0, "percent_statements_covered_display": "100"}, "missing_lines": [], "excluded_lines": [], "start_line": 49}, "IntentResult": {"executed_lines": [], "summary": {"covered_lines": 0, "num_statements": 0, "percent_covered": 100.0, "percent_covered_display": "100", "missing_lines": 0, "excluded_lines": 0, "percent_statements_covered": 100.0, "percent_statements_covered_display": "100"}, "missing_lines": [], "excluded_lines": [], "start_line": 57}, "IntentClassifier": {"executed_lines": [83, 84, 85, 88, 89, 92, 99, 100, 105, 108, 113, 123, 129, 135, 157, 166, 167, 168, 169, 172, 173, 174, 177, 178, 179, 183, 185, 202, 203, 206, 207, 208, 213, 216, 217, 218, 219, 226, 227, 236, 237, 238, 243, 246, 247, 248, 249, 255], "summary": {"covered_lines": 48, "num_statements": 101, "percent_covered": 47.524752475247524, "percent_covered_display": "48", "missing_lines": 53, "excluded_lines": 0, "percent_statements_covered": 47.524752475247524, "percent_statements_covered_display": "48"}, "missing_lines": [93, 94, 180, 228, 229, 278, 279, 280, 282, 283, 288, 291, 307, 308, 311, 312, 315, 316, 317, 318, 319, 321, 322, 323, 325, 331, 332, 333, 335, 337, 338, 339, 341, 344, 345, 346, 347, 349, 364, 366, 367, 369, 370, 371, 372, 375, 376, 383, 392, 393, 397, 398, 399], "excluded_lines": [], "start_line": 65}, "IntentClassifier.train.IntentDataset": {"executed_lines": [], "summary": {"covered_lines": 0, "num_statements": 7, "percent_covered": 0.0, "percent_covered_display": "0", "missing_lines": 7, "excluded_lines": 0, "percent_statements_covered": 0.0, "percent_statements_covered_display": "0"}, "missing_lines": [284, 285, 286, 289, 292, 293, 300], "excluded_lines": [], "start_line": 282}, "": {"executed_lines": [24, 25, 26, 27, 28, 33, 34, 37, 39, 40, 41, 42, 43, 44, 45, 48, 49, 56, 57, 65, 71, 110, 141, 192, 257, 351, 390, 395], "summary": {"covered_lines": 28, "num_statements": 28, "percent_covered": 100.0, "percent_covered_display": "100", "missing_lines": 0, "excluded_lines": 0, "percent_statements_covered": 100.0, "percent_statements_covered_display": "100"}, "missing_lines": [], "excluded_lines": [], "start_line": 1}}}, "src\\main.py": {"executed_lines": [], "summary": {"covered_lines": 0, "num_statements": 5, "percent_covered": 0.0, "percent_covered_display": "0", "missing_lines": 5, "excluded_lines": 0, "percent_statements_covered": 0.0, "percent_statements_covered_display": "0"}, "missing_lines": [1, 2, 4, 6, 7], "excluded_lines": [], "functions": {"": {"executed_lines": [], "summary": {"covered_lines": 0, "num_statements": 5, "percent_covered": 0.0, "percent_covered_display": "0", "missing_lines": 5, "excluded_lines": 0, "percent_statements_covered": 0.0, "percent_statements_covered_display": "0"}, "missing_lines": [1, 2, 4, 6, 7], "excluded_lines": [], "start_line": 1}}, "classes": {"": {"executed_lines": [], "summary": {"covered_lines": 0, "num_statements": 5, "percent_covered": 0.0, "percent_covered_display": "0", "missing_lines": 5, "excluded_lines": 0, "percent_statements_covered": 0.0, "percent_statements_covered_display": "0"}, "missing_lines": [1, 2, 4, 6, 7], "excluded_lines": [], "start_line": 1}}}, "src\\recommendation_engine.py": {"executed_lines": [8, 9, 10, 12, 13, 14, 20, 33, 45, 46, 47, 48, 51, 52, 54, 82, 85, 86, 87, 88, 91, 92, 95, 101, 107, 108, 109, 112, 118, 123, 131, 134, 138, 141, 142, 143, 149, 163, 165, 167, 183, 184, 186, 187, 188, 189, 190, 194, 196, 217, 218, 220, 222, 239, 242, 243, 250, 251, 252, 254, 255, 256, 257, 258, 259, 260, 262, 263, 264, 265, 266, 267, 270, 271, 273, 276, 277, 279, 280, 281, 282, 284, 286, 288, 297, 298, 300, 313, 314, 316, 317, 320, 324, 326, 338], "summary": {"covered_lines": 95, "num_statements": 101, "percent_covered": 94.05940594059406, "percent_covered_display": "94", "missing_lines": 6, "excluded_lines": 0, "percent_statements_covered": 94.05940594059406, "percent_statements_covered_display": "94"}, "missing_lines": [15, 16, 17, 261, 321, 322], "excluded_lines": [], "functions": {"RecommendationEngine.__init__": {"executed_lines": [45, 46, 47, 48, 51, 52], "summary": {"covered_lines": 6, "num_statements": 6, "percent_covered": 100.0, "percent_covered_display": "100", "missing_lines": 0, "excluded_lines": 0, "percent_statements_covered": 100.0, "percent_statements_covered_display": "100"}, "missing_lines": [], "excluded_lines": [], "start_line": 33}, "RecommendationEngine.generate_recommendations": {"executed_lines": [82, 85, 86, 87, 88, 91, 92, 95, 101, 107, 108, 109, 112, 118, 123, 131, 134, 138, 141, 142, 143, 149, 163, 165], "summary": {"covered_lines": 24, "num_statements": 24, "percent_covered": 100.0, "percent_covered_display": "100", "missing_lines": 0, "excluded_lines": 0, "percent_statements_covered": 100.0, "percent_statements_covered_display": "100"}, "missing_lines": [], "excluded_lines": [], "start_line": 54}, "RecommendationEngine._get_candidate_schemes": {"executed_lines": [183, 184, 186, 187, 188, 189, 190, 194], "summary": {"covered_lines": 8, "num_statements": 8, "percent_covered": 100.0, "percent_covered_display": "100", "missing_lines": 0, "excluded_lines": 0, "percent_statements_covered": 100.0, "percent_statements_covered_display": "100"}, "missing_lines": [], "excluded_lines": [], "start_line": 167}, "RecommendationEngine._calculate_group_relevance": {"executed_lines": [217, 218, 220], "summary": {"covered_lines": 3, "num_statements": 3, "percent_covered": 100.0, "percent_covered_display": "100", "missing_lines": 0, "excluded_lines": 0, "percent_statements_covered": 100.0, "percent_statements_covered_display": "100"}, "missing_lines": [], "excluded_lines": [], "start_line": 196}, "RecommendationEngine._generate_explanation": {"executed_lines": [239, 242, 243, 250, 251, 252, 254, 255, 256, 257, 258, 259, 260, 262, 263, 264, 265, 266, 267, 270, 271, 273, 276, 277, 279, 280, 281, 282, 284, 286], "summary": {"covered_lines": 30, "num_statements": 31, "percent_covered": 96.7741935483871, "percent_covered_display": "97", "missing_lines": 1, "excluded_lines": 0, "percent_statements_covered": 96.7741935483871, "percent_statements_covered_display": "97"}, "missing_lines": [261], "excluded_lines": [], "start_line": 222}, "RecommendationEngine.invalidate_cache": {"executed_lines": [297, 298], "summary": {"covered_lines": 2, "num_statements": 2, "percent_covered": 100.0, "percent_covered_display": "100", "missing_lines": 0, "excluded_lines": 0, "percent_statements_covered": 100.0, "percent_statements_covered_display": "100"}, "missing_lines": [], "excluded_lines": [], "start_line": 288}, "RecommendationEngine._get_cached_recommendations": {"executed_lines": [313, 314, 316, 317, 320, 324], "summary": {"covered_lines": 6, "num_statements": 8, "percent_covered": 75.0, "percent_covered_display": "75", "missing_lines": 2, "excluded_lines": 0, "percent_statements_covered": 75.0, "percent_statements_covered_display": "75"}, "missing_lines": [321, 322], "excluded_lines": [], "start_line": 300}, "RecommendationEngine._cache_recommendations": {"executed_lines": [338], "summary": {"covered_lines": 1, "num_statements": 1, "percent_covered": 100.0, "percent_covered_display": "100", "missing_lines": 0, "excluded_lines": 0, "percent_statements_covered": 100.0, "percent_statements_covered_display": "100"}, "missing_lines": [], "excluded_lines": [], "start_line": 326}, "": {"executed_lines": [8, 9, 10, 12, 13, 14, 20, 33, 54, 167, 196, 222, 288, 300, 326], "summary": {"covered_lines": 15, "num_statements": 18, "percent_covered": 83.33333333333333, "percent_covered_display": "83", "missing_lines": 3, "excluded_lines": 0, "percent_statements_covered": 83.33333333333333, "percent_statements_covered_display": "83"}, "missing_lines": [15, 16, 17], "excluded_lines": [], "start_line": 1}}, "classes": {"RecommendationEngine": {"executed_lines": [45, 46, 47, 48, 51, 52, 82, 85, 86, 87, 88, 91, 92, 95, 101, 107, 108, 109, 112, 118, 123, 131, 134, 138, 141, 142, 143, 149, 163, 165, 183, 184, 186, 187, 188, 189, 190, 194, 217, 218, 220, 239, 242, 243, 250, 251, 252, 254, 255, 256, 257, 258, 259, 260, 262, 263, 264, 265, 266, 267, 270, 271, 273, 276, 277, 279, 280, 281, 282, 284, 286, 297, 298, 313, 314, 316, 317, 320, 324, 338], "summary": {"covered_lines": 80, "num_statements": 83, "percent_covered": 96.3855421686747, "percent_covered_display": "96", "missing_lines": 3, "excluded_lines": 0, "percent_statements_covered": 96.3855421686747, "percent_statements_covered_display": "96"}, "missing_lines": [261, 321, 322], "excluded_lines": [], "start_line": 20}, "": {"executed_lines": [8, 9, 10, 12, 13, 14, 20, 33, 54, 167, 196, 222, 288, 300, 326], "summary": {"covered_lines": 15, "num_statements": 18, "percent_covered": 83.33333333333333, "percent_covered_display": "83", "missing_lines": 3, "excluded_lines": 0, "percent_statements_covered": 83.33333333333333, "percent_statements_covered_display": "83"}, "missing_lines": [15, 16, 17], "excluded_lines": [], "start_line": 1}}}, "src\\user_classifier.py": {"executed_lines": [8, 9, 10, 11, 12, 13, 15, 16, 21, 30, 38, 39, 40, 46, 47, 48, 49, 51, 61, 62, 67, 68, 71, 74, 75, 78, 81, 83, 91, 113, 114, 117, 118, 121, 124, 125, 129, 132, 134, 136, 139, 142, 143, 144, 146, 154, 169, 170, 172, 174, 175, 176, 178, 180, 186, 189, 192, 199, 206, 208, 221, 225, 226, 229, 230, 233, 234, 236, 238, 239, 240, 241, 242, 243, 245, 257, 264, 266, 276, 278, 285, 287, 294, 295, 297, 306, 307, 309, 316, 317, 319, 320, 321, 322, 323, 324], "summary": {"covered_lines": 96, "num_statements": 100, "percent_covered": 96.0, "percent_covered_display": "96", "missing_lines": 4, "excluded_lines": 0, "percent_statements_covered": 96.0, "percent_statements_covered_display": "96"}, "missing_lines": [17, 18, 222, 235], "excluded_lines": [], "functions": {"UserClassifier.__init__": {"executed_lines": [38, 39, 40, 46, 47, 48, 49], "summary": {"covered_lines": 7, "num_statements": 7, "percent_covered": 100.0, "percent_covered_display": "100", "missing_lines": 0, "excluded_lines": 0, "percent_statements_covered": 100.0, "percent_statements_covered_display": "100"}, "missing_lines": [], "excluded_lines": [], "start_line": 30}, "UserClassifier.train": {"executed_lines": [61, 62, 67, 68, 71, 74, 75, 78, 81, 83], "summary": {"covered_lines": 10, "num_statements": 10, "percent_covered": 100.0, "percent_covered_display": "100", "missing_lines": 0, "excluded_lines": 0, "percent_statements_covered": 100.0, "percent_statements_covered_display": "100"}, "missing_lines": [], "excluded_lines": [], "start_line": 51}, "UserClassifier.classify_user": {"executed_lines": [113, 114, 117, 118, 121, 124, 125, 129, 132, 134, 136, 139, 142, 143, 144, 146], "summary": {"covered_lines": 16, "num_statements": 16, "percent_covered": 100.0, "percent_covered_display": "100", "missing_lines": 0, "excluded_lines": 0, "percent_statements_covered": 100.0, "percent_statements_covered_display": "100"}, "missing_lines": [], "excluded_lines": [], "start_line": 91}, "UserClassifier._analyze_clusters": {"executed_lines": [169, 170, 172, 174, 175, 176, 178, 180, 186, 189, 192, 199, 206], "summary": {"covered_lines": 13, "num_statements": 13, "percent_covered": 100.0, "percent_covered_display": "100", "missing_lines": 0, "excluded_lines": 0, "percent_statements_covered": 100.0, "percent_statements_covered_display": "100"}, "missing_lines": [], "excluded_lines": [], "start_line": 154}, "UserClassifier._compute_typical_profile": {"executed_lines": [221, 225, 226, 229, 230, 233, 238, 239, 240, 241, 242, 243, 245], "summary": {"covered_lines": 13, "num_statements": 14, "percent_covered": 92.85714285714286, "percent_covered_display": "93", "missing_lines": 1, "excluded_lines": 0, "percent_statements_covered": 92.85714285714286, "percent_statements_covered_display": "93"}, "missing_lines": [222], "excluded_lines": [], "start_line": 208}, "UserClassifier._compute_typical_profile.most_common": {"executed_lines": [234, 236], "summary": {"covered_lines": 2, "num_statements": 3, "percent_covered": 66.66666666666667, "percent_covered_display": "67", "missing_lines": 1, "excluded_lines": 0, "percent_statements_covered": 66.66666666666667, "percent_statements_covered_display": "67"}, "missing_lines": [235], "excluded_lines": [], "start_line": 233}, "UserClassifier._get_default_group_id": {"executed_lines": [264], "summary": {"covered_lines": 1, "num_statements": 1, "percent_covered": 100.0, "percent_covered_display": "100", "missing_lines": 0, "excluded_lines": 0, "percent_statements_covered": 100.0, "percent_statements_covered_display": "100"}, "missing_lines": [], "excluded_lines": [], "start_line": 257}, "UserClassifier.get_cluster_info": {"executed_lines": [276], "summary": {"covered_lines": 1, "num_statements": 1, "percent_covered": 100.0, "percent_covered_display": "100", "missing_lines": 0, "excluded_lines": 0, "percent_statements_covered": 100.0, "percent_statements_covered_display": "100"}, "missing_lines": [], "excluded_lines": [], "start_line": 266}, "UserClassifier.get_all_clusters_info": {"executed_lines": [285], "summary": {"covered_lines": 1, "num_statements": 1, "percent_covered": 100.0, "percent_covered_display": "100", "missing_lines": 0, "excluded_lines": 0, "percent_statements_covered": 100.0, "percent_statements_covered_display": "100"}, "missing_lines": [], "excluded_lines": [], "start_line": 278}, "UserClassifier.save_model": {"executed_lines": [294, 295, 297, 306, 307], "summary": {"covered_lines": 5, "num_statements": 5, "percent_covered": 100.0, "percent_covered_display": "100", "missing_lines": 0, "excluded_lines": 0, "percent_statements_covered": 100.0, "percent_statements_covered_display": "100"}, "missing_lines": [], "excluded_lines": [], "start_line": 287}, "UserClassifier.load_model": {"executed_lines": [316, 317, 319, 320, 321, 322, 323, 324], "summary": {"covered_lines": 8, "num_statements": 8, "percent_covered": 100.0, "percent_covered_display": "100", "missing_lines": 0, "excluded_lines": 0, "percent_statements_covered": 100.0, "percent_statements_covered_display": "100"}, "missing_lines": [], "excluded_lines": [], "start_line": 309}, "": {"executed_lines": [8, 9, 10, 11, 12, 13, 15, 16, 21, 30, 51, 91, 154, 208, 257, 266, 278, 287, 309], "summary": {"covered_lines": 19, "num_statements": 21, "percent_covered": 90.47619047619048, "percent_covered_display": "90", "missing_lines": 2, "excluded_lines": 0, "percent_statements_covered": 90.47619047619048, "percent_statements_covered_display": "90"}, "missing_lines": [17, 18], "excluded_lines": [], "start_line": 1}}, "classes": {"UserClassifier": {"executed_lines": [38, 39, 40, 46, 47, 48, 49, 61, 62, 67, 68, 71, 74, 75, 78, 81, 83, 113, 114, 117, 118, 121, 124, 125, 129, 132, 134, 136, 139, 142, 143, 144, 146, 169, 170, 172, 174, 175, 176, 178, 180, 186, 189, 192, 199, 206, 221, 225, 226, 229, 230, 233, 234, 236, 238, 239, 240, 241, 242, 243, 245, 264, 276, 285, 294, 295, 297, 306, 307, 316, 317, 319, 320, 321, 322, 323, 324], "summary": {"covered_lines": 77, "num_statements": 79, "percent_covered": 97.46835443037975, "percent_covered_display": "97", "missing_lines": 2, "excluded_lines": 0, "percent_statements_covered": 97.46835443037975, "percent_statements_covered_display": "97"}, "missing_lines": [222, 235], "excluded_lines": [], "start_line": 21}, "": {"executed_lines": [8, 9, 10, 11, 12, 13, 15, 16, 21, 30, 51, 91, 154, 208, 257, 266, 278, 287, 309], "summary": {"covered_lines": 19, "num_statements": 21, "percent_covered": 90.47619047619048, "percent_covered_display": "90", "missing_lines": 2, "excluded_lines": 0, "percent_statements_covered": 90.47619047619048, "percent_statements_covered_display": "90"}, "missing_lines": [17, 18], "excluded_lines": [], "start_line": 1}}}}, "totals": {"covered_lines": 522, "num_statements": 646, "percent_covered": 80.80495356037152, "percent_covered_display": "81", "missing_lines": 124, "excluded_lines": 0, "percent_statements_covered": 80.80495356037152, "percent_statements_covered_display": "81"}}