{"meta": {"format": 3, "version": "7.13.4", "timestamp": "2026-03-02T01:03:23.968634", "branch_coverage": false, "show_contexts": false}, "files": {"ml-pipeline\\src\\__init__.py": {"executed_lines": [], "summary": {"covered_lines": 0, "num_statements": 0, "percent_covered": 100.0, "percent_covered_display": "100", "missing_lines": 0, "excluded_lines": 0, "percent_statements_covered": 100.0, "percent_statements_covered_display": "100"}, "missing_lines": [], "excluded_lines": [], "functions": {"": {"executed_lines": [], "summary": {"covered_lines": 0, "num_statements": 0, "percent_covered": 100.0, "percent_covered_display": "100", "missing_lines": 0, "excluded_lines": 0, "percent_statements_covered": 100.0, "percent_statements_covered_display": "100"}, "missing_lines": [], "excluded_lines": [], "start_line": 1}}, "classes": {"": {"executed_lines": [], "summary": {"covered_lines": 0, "num_statements": 0, "percent_covered": 100.0, "percent_covered_display": "100", "missing_lines": 0, "excluded_lines": 0, "percent_statements_covered": 100.0, "percent_statements_covered_display": "100"}, "missing_lines": [], "excluded_lines": [], "start_line": 1}}}, "ml-pipeline\\src\\classify_user.py": {"executed_lines": [], "summary": {"covered_lines": 0, "num_statements": 36, "percent_covered": 0.0, "percent_covered_display": "0", "missing_lines": 36, "excluded_lines": 0, "percent_statements_covered": 0.0, "percent_statements_covered_display": "0"}, "missing_lines": [12, 13, 14, 16, 17, 18, 19, 22, 29, 31, 33, 34, 35, 36, 39, 40, 43, 50, 51, 52, 53, 62, 70, 72, 74, 75, 78, 80, 81, 83, 84, 85, 86, 87, 90, 91], "excluded_lines": [], "functions": {"classify_user_from_input": {"executed_lines": [], "summary": {"covered_lines": 0, "num_statements": 18, "percent_covered": 0.0, "percent_covered_display": "0", "missing_lines": 18, "excluded_lines": 0, "percent_statements_covered": 0.0, "percent_statements_covered_display": "0"}, "missing_lines": [29, 31, 33, 34, 35, 36, 39, 40, 43, 50, 51, 52, 53, 62, 70, 72, 74, 75], "excluded_lines": [], "start_line": 22}, "main": {"executed_lines": [], "summary": {"covered_lines": 0, "num_statements": 7, "percent_covered": 0.0, "percent_covered_display": "0", "missing_lines": 7, "excluded_lines": 0, "percent_statements_covered": 0.0, "percent_statements_covered_display": "0"}, "missing_lines": [80, 81, 83, 84, 85, 86, 87], "excluded_lines": [], "start_line": 78}, "": {"executed_lines": [], "summary": {"covered_lines": 0, "num_statements": 11, "percent_covered": 0.0, "percent_covered_display": "0", "missing_lines": 11, "excluded_lines": 0, "percent_statements_covered": 0.0, "percent_statements_covered_display": "0"}, "missing_lines": [12, 13, 14, 16, 17, 18, 19, 22, 78, 90, 91], "excluded_lines": [], "start_line": 1}}, "classes": {"": {"executed_lines": [], "summary": {"covered_lines": 0, "num_statements": 36, "percent_covered": 0.0, "percent_covered_display": "0", "missing_lines": 36, "excluded_lines": 0, "percent_statements_covered": 0.0, "percent_statements_covered_display": "0"}, "missing_lines": [12, 13, 14, 16, 17, 18, 19, 22, 29, 31, 33, 34, 35, 36, 39, 40, 43, 50, 51, 52, 53, 62, 70, 72, 74, 75, 78, 80, 81, 83, 84, 85, 86, 87, 90, 91], "excluded_lines": [], "start_line": 1}}}, "ml-pipeline\\src\\eligibility_engine.py": {"executed_lines": [9, 10, 11, 12, 15, 27, 29, 30, 32, 83, 101, 103, 104, 106, 107, 109, 114, 115, 116, 117, 119, 126, 137, 138, 142, 192, 204, 210, 213, 214, 217, 221, 225, 227, 237, 239, 240, 242, 244, 257, 261, 275, 277, 279, 280, 281, 283, 302, 303, 305, 308, 309, 310, 312, 313, 314, 316, 324, 332, 333, 335, 336, 337, 344, 352, 353, 355, 356, 357, 364, 372, 373, 375, 376, 384, 392, 393, 395, 396, 397, 405, 406, 408, 409, 410, 418, 419, 421, 422, 423, 430, 432, 461, 500, 536, 538, 539, 540, 542, 544, 545, 557, 559], "summary": {"covered_lines": 103, "num_statements": 186, "percent_covered": 55.376344086021504, "percent_covered_display": "55", "missing_lines": 83, "excluded_lines": 0, "percent_statements_covered": 55.376344086021504, "percent_statements_covered_display": "55"}, "missing_lines": [54, 55, 58, 61, 64, 67, 74, 110, 111, 140, 163, 164, 165, 166, 169, 170, 171, 172, 174, 177, 180, 183, 185, 205, 218, 238, 317, 377, 438, 440, 441, 442, 444, 445, 446, 447, 448, 449, 450, 451, 452, 453, 454, 455, 456, 457, 459, 468, 470, 471, 472, 473, 474, 476, 477, 481, 482, 486, 487, 491, 492, 493, 498, 506, 508, 509, 511, 512, 515, 516, 520, 521, 524, 525, 529, 530, 534, 547, 548, 551, 552, 553, 555], "excluded_lines": [], "functions": {"EligibilityEngine.__init__": {"executed_lines": [29, 30], "summary": {"covered_lines": 2, "num_statements": 2, "percent_covered": 100.0, "percent_covered_display": "100", "missing_lines": 0, "excluded_lines": 0, "percent_statements_covered": 100.0, "percent_statements_covered_display": "100"}, "missing_lines": [], "excluded_lines": [], "start_line": 27}, "EligibilityEngine.calculate_eligibility": {"executed_lines": [], "summary": {"covered_lines": 0, "num_statements": 7, "percent_covered": 0.0, "percent_covered_display": "0", "missing_lines": 7, "excluded_lines": 0, "percent_statements_covered": 0.0, "percent_statements_covered_display": "0"}, "missing_lines": [54, 55, 58, 61, 64, 67, 74], "excluded_lines": [], "start_line": 32}, "EligibilityEngine.batch_calculate_eligibility": {"executed_lines": [101, 103, 104, 106, 107, 109, 114, 115, 116, 117, 119, 126, 137, 138], "summary": {"covered_lines": 14, "num_statements": 17, "percent_covered": 82.3529411764706, "percent_covered_display": "82", "missing_lines": 3, "excluded_lines": 0, "percent_statements_covered": 82.3529411764706, "percent_statements_covered_display": "82"}, "missing_lines": [110, 111, 140], "excluded_lines": [], "start_line": 83}, "EligibilityEngine.generate_explanation": {"executed_lines": [], "summary": {"covered_lines": 0, "num_statements": 13, "percent_covered": 0.0, "percent_covered_display": "0", "missing_lines": 13, "excluded_lines": 0, "percent_statements_covered": 0.0, "percent_statements_covered_display": "0"}, "missing_lines": [163, 164, 165, 166, 169, 170, 171, 172, 174, 177, 180, 183, 185], "excluded_lines": [], "start_line": 142}, "EligibilityEngine._cosine_similarity": {"executed_lines": [204, 210, 213, 214, 217, 221, 225], "summary": {"covered_lines": 7, "num_statements": 9, "percent_covered": 77.77777777777777, "percent_covered_display": "78", "missing_lines": 2, "excluded_lines": 0, "percent_statements_covered": 77.77777777777777, "percent_statements_covered_display": "78"}, "missing_lines": [205, 218], "excluded_lines": [], "start_line": 192}, "EligibilityEngine._categorize_eligibility": {"executed_lines": [237, 239, 240, 242], "summary": {"covered_lines": 4, "num_statements": 5, "percent_covered": 80.0, "percent_covered_display": "80", "missing_lines": 1, "excluded_lines": 0, "percent_statements_covered": 80.0, "percent_statements_covered_display": "80"}, "missing_lines": [238], "excluded_lines": [], "start_line": 227}, "EligibilityEngine._extract_scheme_vector": {"executed_lines": [257, 261, 275], "summary": {"covered_lines": 3, "num_statements": 3, "percent_covered": 100.0, "percent_covered_display": "100", "missing_lines": 0, "excluded_lines": 0, "percent_statements_covered": 100.0, "percent_statements_covered_display": "100"}, "missing_lines": [], "excluded_lines": [], "start_line": 244}, "EligibilityEngine._get_midpoint_age": {"executed_lines": [279, 280, 281], "summary": {"covered_lines": 3, "num_statements": 3, "percent_covered": 100.0, "percent_covered_display": "100", "missing_lines": 0, "excluded_lines": 0, "percent_statements_covered": 100.0, "percent_statements_covered_display": "100"}, "missing_lines": [], "excluded_lines": [], "start_line": 277}, "EligibilityEngine._analyze_criteria": {"executed_lines": [302, 303, 305, 308, 309, 310, 312, 313, 314, 316, 324, 332, 333, 335, 336, 337, 344, 352, 353, 355, 356, 357, 364, 372, 373, 375, 376, 384, 392, 393, 395, 396, 397, 405, 406, 408, 409, 410, 418, 419, 421, 422, 423, 430], "summary": {"covered_lines": 44, "num_statements": 46, "percent_covered": 95.65217391304348, "percent_covered_display": "96", "missing_lines": 2, "excluded_lines": 0, "percent_statements_covered": 95.65217391304348, "percent_statements_covered_display": "96"}, "missing_lines": [317, 377], "excluded_lines": [], "start_line": 283}, "EligibilityEngine._format_top_criteria": {"executed_lines": [], "summary": {"covered_lines": 0, "num_statements": 19, "percent_covered": 0.0, "percent_covered_display": "0", "missing_lines": 19, "excluded_lines": 0, "percent_statements_covered": 0.0, "percent_statements_covered_display": "0"}, "missing_lines": [438, 440, 441, 442, 444, 445, 446, 447, 448, 449, 450, 451, 452, 453, 454, 455, 456, 457, 459], "excluded_lines": [], "start_line": 432}, "EligibilityEngine._format_gaps": {"executed_lines": [], "summary": {"covered_lines": 0, "num_statements": 16, "percent_covered": 0.0, "percent_covered_display": "0", "missing_lines": 16, "excluded_lines": 0, "percent_statements_covered": 0.0, "percent_statements_covered_display": "0"}, "missing_lines": [468, 470, 471, 472, 473, 474, 476, 477, 481, 482, 486, 487, 491, 492, 493, 498], "excluded_lines": [], "start_line": 461}, "EligibilityEngine._generate_recommendations": {"executed_lines": [], "summary": {"covered_lines": 0, "num_statements": 14, "percent_covered": 0.0, "percent_covered_display": "0", "missing_lines": 14, "excluded_lines": 0, "percent_statements_covered": 0.0, "percent_statements_covered_display": "0"}, "missing_lines": [506, 508, 509, 511, 512, 515, 516, 520, 521, 524, 525, 529, 530, 534], "excluded_lines": [], "start_line": 500}, "EligibilityEngine._get_cache_key": {"executed_lines": [538, 539, 540], "summary": {"covered_lines": 3, "num_statements": 3, "percent_covered": 100.0, "percent_covered_display": "100", "missing_lines": 0, "excluded_lines": 0, "percent_statements_covered": 100.0, "percent_statements_covered_display": "100"}, "missing_lines": [], "excluded_lines": [], "start_line": 536}, "EligibilityEngine._get_cached_result": {"executed_lines": [544, 545], "summary": {"covered_lines": 2, "num_statements": 8, "percent_covered": 25.0, "percent_covered_display": "25", "missing_lines": 6, "excluded_lines": 0, "percent_statements_covered": 25.0, "percent_statements_covered_display": "25"}, "missing_lines": [547, 548, 551, 552, 553, 555], "excluded_lines": [], "start_line": 542}, "EligibilityEngine._cache_result": {"executed_lines": [559], "summary": {"covered_lines": 1, "num_statements": 1, "percent_covered": 100.0, "percent_covered_display": "100", "missing_lines": 0, "excluded_lines": 0, "percent_statements_covered": 100.0, "percent_statements_covered_display": "100"}, "missing_lines": [], "excluded_lines": [], "start_line": 557}, "": {"executed_lines": [9, 10, 11, 12, 15, 27, 32, 83, 142, 192, 227, 244, 277, 283, 432, 461, 500, 536, 542, 557], "summary": {"covered_lines": 20, "num_statements": 20, "percent_covered": 100.0, "percent_covered_display": "100", "missing_lines": 0, "excluded_lines": 0, "percent_statements_covered": 100.0, "percent_statements_covered_display": "100"}, "missing_lines": [], "excluded_lines": [], "start_line": 1}}, "classes": {"EligibilityEngine": {"executed_lines": [29, 30, 101, 103, 104, 106, 107, 109, 114, 115, 116, 117, 119, 126, 137, 138, 204, 210, 213, 214, 217, 221, 225, 237, 239, 240, 242, 257, 261, 275, 279, 280, 281, 302, 303, 305, 308, 309, 310, 312, 313, 314, 316, 324, 332, 333, 335, 336, 337, 344, 352, 353, 355, 356, 357, 364, 372, 373, 375, 376, 384, 392, 393, 395, 396, 397, 405, 406, 408, 409, 410, 418, 419, 421, 422, 423, 430, 538, 539, 540, 544, 545, 559], "summary": {"covered_lines": 83, "num_statements": 166, "percent_covered": 50.0, "percent_covered_display": "50", "missing_lines": 83, "excluded_lines": 0, "percent_statements_covered": 50.0, "percent_statements_covered_display": "50"}, "missing_lines": [54, 55, 58, 61, 64, 67, 74, 110, 111, 140, 163, 164, 165, 166, 169, 170, 171, 172, 174, 177, 180, 183, 185, 205, 218, 238, 317, 377, 438, 440, 441, 442, 444, 445, 446, 447, 448, 449, 450, 451, 452, 453, 454, 455, 456, 457, 459, 468, 470, 471, 472, 473, 474, 476, 477, 481, 482, 486, 487, 491, 492, 493, 498, 506, 508, 509, 511, 512, 515, 516, 520, 521, 524, 525, 529, 530, 534, 547, 548, 551, 552, 553, 555], "excluded_lines": [], "start_line": 15}, "": {"executed_lines": [9, 10, 11, 12, 15, 27, 32, 83, 142, 192, 227, 244, 277, 283, 432, 461, 500, 536, 542, 557], "summary": {"covered_lines": 20, "num_statements": 20, "percent_covered": 100.0, "percent_covered_display": "100", "missing_lines": 0, "excluded_lines": 0, "percent_statements_covered": 100.0, "percent_statements_covered_display": "100"}, "missing_lines": [], "excluded_lines": [], "start_line": 1}}}, "ml-pipeline\\src\\feature_extractor.py": {"executed_lines": [8, 9, 12, 23, 24, 25, 26, 27, 28, 31, 38, 48, 51, 52, 53, 56, 57, 58, 59, 60, 61, 64, 67, 69, 71, 83, 84, 86, 98, 99, 101, 113, 114, 116, 126, 128, 138, 140, 150, 152, 162, 164, 174, 176, 186, 188, 200, 202, 213, 214, 215, 216, 220, 222, 241], "summary": {"covered_lines": 55, "num_statements": 68, "percent_covered": 80.88235294117646, "percent_covered_display": "81", "missing_lines": 13, "excluded_lines": 0, "percent_statements_covered": 80.88235294117646, "percent_statements_covered_display": "81"}, "missing_lines": [217, 219, 229, 248, 250, 251, 252, 253, 254, 255, 256, 257, 259], "excluded_lines": [], "functions": {"FeatureExtractor.extract_features": {"executed_lines": [48, 51, 52, 53, 56, 57, 58, 59, 60, 61, 64, 67, 69], "summary": {"covered_lines": 13, "num_statements": 13, "percent_covered": 100.0, "percent_covered_display": "100", "missing_lines": 0, "excluded_lines": 0, "percent_statements_covered": 100.0, "percent_statements_covered_display": "100"}, "missing_lines": [], "excluded_lines": [], "start_line": 38}, "FeatureExtractor.normalize_age": {"executed_lines": [83, 84], "summary": {"covered_lines": 2, "num_statements": 2, "percent_covered": 100.0, "percent_covered_display": "100", "missing_lines": 0, "excluded_lines": 0, "percent_statements_covered": 100.0, "percent_statements_covered_display": "100"}, "missing_lines": [], "excluded_lines": [], "start_line": 71}, "FeatureExtractor.normalize_income": {"executed_lines": [98, 99], "summary": {"covered_lines": 2, "num_statements": 2, "percent_covered": 100.0, "percent_covered_display": "100", "missing_lines": 0, "excluded_lines": 0, "percent_statements_covered": 100.0, "percent_statements_covered_display": "100"}, "missing_lines": [], "excluded_lines": [], "start_line": 86}, "FeatureExtractor.normalize_family_size": {"executed_lines": [113, 114], "summary": {"covered_lines": 2, "num_statements": 2, "percent_covered": 100.0, "percent_covered_display": "100", "missing_lines": 0, "excluded_lines": 0, "percent_statements_covered": 100.0, "percent_statements_covered_display": "100"}, "missing_lines": [], "excluded_lines": [], "start_line": 101}, "FeatureExtractor.encode_gender": {"executed_lines": [126], "summary": {"covered_lines": 1, "num_statements": 1, "percent_covered": 100.0, "percent_covered_display": "100", "missing_lines": 0, "excluded_lines": 0, "percent_statements_covered": 100.0, "percent_statements_covered_display": "100"}, "missing_lines": [], "excluded_lines": [], "start_line": 116}, "FeatureExtractor.encode_marital_status": {"executed_lines": [138], "summary": {"covered_lines": 1, "num_statements": 1, "percent_covered": 100.0, "percent_covered_display": "100", "missing_lines": 0, "excluded_lines": 0, "percent_statements_covered": 100.0, "percent_statements_covered_display": "100"}, "missing_lines": [], "excluded_lines": [], "start_line": 128}, "FeatureExtractor.encode_employment": {"executed_lines": [150], "summary": {"covered_lines": 1, "num_statements": 1, "percent_covered": 100.0, "percent_covered_display": "100", "missing_lines": 0, "excluded_lines": 0, "percent_statements_covered": 100.0, "percent_statements_covered_display": "100"}, "missing_lines": [], "excluded_lines": [], "start_line": 140}, "FeatureExtractor.encode_education": {"executed_lines": [162], "summary": {"covered_lines": 1, "num_statements": 1, "percent_covered": 100.0, "percent_covered_display": "100", "missing_lines": 0, "excluded_lines": 0, "percent_statements_covered": 100.0, "percent_statements_covered_display": "100"}, "missing_lines": [], "excluded_lines": [], "start_line": 152}, "FeatureExtractor.encode_caste": {"executed_lines": [174], "summary": {"covered_lines": 1, "num_statements": 1, "percent_covered": 100.0, "percent_covered_display": "100", "missing_lines": 0, "excluded_lines": 0, "percent_statements_covered": 100.0, "percent_statements_covered_display": "100"}, "missing_lines": [], "excluded_lines": [], "start_line": 164}, "FeatureExtractor.encode_rural_urban": {"executed_lines": [186], "summary": {"covered_lines": 1, "num_statements": 1, "percent_covered": 100.0, "percent_covered_display": "100", "missing_lines": 0, "excluded_lines": 0, "percent_statements_covered": 100.0, "percent_statements_covered_display": "100"}, "missing_lines": [], "excluded_lines": [], "start_line": 176}, "FeatureExtractor.encode_state": {"executed_lines": [200], "summary": {"covered_lines": 1, "num_statements": 1, "percent_covered": 100.0, "percent_covered_display": "100", "missing_lines": 0, "excluded_lines": 0, "percent_statements_covered": 100.0, "percent_statements_covered_display": "100"}, "missing_lines": [], "excluded_lines": [], "start_line": 188}, "FeatureExtractor._one_hot_encode": {"executed_lines": [213, 214, 215, 216, 220], "summary": {"covered_lines": 5, "num_statements": 7, "percent_covered": 71.42857142857143, "percent_covered_display": "71", "missing_lines": 2, "excluded_lines": 0, "percent_statements_covered": 71.42857142857143, "percent_statements_covered_display": "71"}, "missing_lines": [217, 219], "excluded_lines": [], "start_line": 202}, "FeatureExtractor.get_feature_dimension": {"executed_lines": [], "summary": {"covered_lines": 0, "num_statements": 1, "percent_covered": 0.0, "percent_covered_display": "0", "missing_lines": 1, "excluded_lines": 0, "percent_statements_covered": 0.0, "percent_statements_covered_display": "0"}, "missing_lines": [229], "excluded_lines": [], "start_line": 222}, "FeatureExtractor.get_feature_names": {"executed_lines": [], "summary": {"covered_lines": 0, "num_statements": 10, "percent_covered": 0.0, "percent_covered_display": "0", "missing_lines": 10, "excluded_lines": 0, "percent_statements_covered": 0.0, "percent_statements_covered_display": "0"}, "missing_lines": [248, 250, 251, 252, 253, 254, 255, 256, 257, 259], "excluded_lines": [], "start_line": 241}, "": {"executed_lines": [8, 9, 12, 23, 24, 25, 26, 27, 28, 31, 38, 71, 86, 101, 116, 128, 140, 152, 164, 176, 188, 202, 222, 241], "summary": {"covered_lines": 24, "num_statements": 24, "percent_covered": 100.0, "percent_covered_display": "100", "missing_lines": 0, "excluded_lines": 0, "percent_statements_covered": 100.0, "percent_statements_covered_display": "100"}, "missing_lines": [], "excluded_lines": [], "start_line": 1}}, "classes": {"FeatureExtractor": {"executed_lines": [48, 51, 52, 53, 56, 57, 58, 59, 60, 61, 64, 67, 69, 83, 84, 98, 99, 113, 114, 126, 138, 150, 162, 174, 186, 200, 213, 214, 215, 216, 220], "summary": {"covered_lines": 31, "num_statements": 44, "percent_covered": 70.45454545454545, "percent_covered_display": "70", "missing_lines": 13, "excluded_lines": 0, "percent_statements_covered": 70.45454545454545, "percent_statements_covered_display": "70"}, "missing_lines": [217, 219, 229, 248, 250, 251, 252, 253, 254, 255, 256, 257, 259], "excluded_lines": [], "start_line": 12}, "": {"executed_lines": [8, 9, 12, 23, 24, 25, 26, 27, 28, 31, 38, 71, 86, 101, 116, 128, 140, 152, 164, 176, 188, 202, 222, 241], "summary": {"covered_lines": 24, "num_statements": 24, "percent_covered": 100.0, "percent_covered_display": "100", "missing_lines": 0, "excluded_lines": 0, "percent_statements_covered": 100.0, "percent_statements_covered_display": "100"}, "missing_lines": [], "excluded_lines": [], "start_line": 1}}}, "ml-pipeline\\src\\main.py": {"executed_lines": [], "summary": {"covered_lines": 0, "num_statements": 5, "percent_covered": 0.0, "percent_covered_display": "0", "missing_lines": 5, "excluded_lines": 0, "percent_statements_covered": 0.0, "percent_statements_covered_display": "0"}, "missing_lines": [1, 2, 4, 6, 7], "excluded_lines": [], "functions": {"": {"executed_lines": [], "summary": {"covered_lines": 0, "num_statements": 5, "percent_covered": 0.0, "percent_covered_display": "0", "missing_lines": 5, "excluded_lines": 0, "percent_statements_covered": 0.0, "percent_statements_covered_display": "0"}, "missing_lines": [1, 2, 4, 6, 7], "excluded_lines": [], "start_line": 1}}, "classes": {"": {"executed_lines": [], "summary": {"covered_lines": 0, "num_statements": 5, "percent_covered": 0.0, "percent_covered_display": "0", "missing_lines": 5, "excluded_lines": 0, "percent_statements_covered": 0.0, "percent_statements_covered_display": "0"}, "missing_lines": [1, 2, 4, 6, 7], "excluded_lines": [], "start_line": 1}}}, "ml-pipeline\\src\\recommendation_engine.py": {"executed_lines": [8, 9, 10, 12, 13, 14, 20, 33, 45, 46, 47, 48, 51, 52, 54, 82, 85, 86, 87, 91, 92, 95, 98, 102, 168, 185, 187, 213, 279, 291, 304, 305, 317], "summary": {"covered_lines": 33, "num_statements": 96, "percent_covered": 34.375, "percent_covered_display": "34", "missing_lines": 63, "excluded_lines": 0, "percent_statements_covered": 34.375, "percent_statements_covered_display": "34"}, "missing_lines": [15, 16, 17, 88, 99, 108, 109, 110, 113, 119, 124, 132, 135, 139, 142, 143, 144, 150, 164, 166, 208, 209, 211, 230, 233, 234, 241, 242, 243, 245, 246, 247, 248, 249, 250, 251, 252, 253, 254, 255, 256, 257, 258, 261, 262, 264, 267, 268, 270, 271, 272, 273, 275, 277, 288, 289, 307, 308, 311, 312, 313, 315, 329], "excluded_lines": [], "functions": {"RecommendationEngine.__init__": {"executed_lines": [45, 46, 47, 48, 51, 52], "summary": {"covered_lines": 6, "num_statements": 6, "percent_covered": 100.0, "percent_covered_display": "100", "missing_lines": 0, "excluded_lines": 0, "percent_statements_covered": 100.0, "percent_statements_covered_display": "100"}, "missing_lines": [], "excluded_lines": [], "start_line": 33}, "RecommendationEngine.generate_recommendations": {"executed_lines": [82, 85, 86, 87, 91, 92, 95, 98, 102], "summary": {"covered_lines": 9, "num_statements": 26, "percent_covered": 34.61538461538461, "percent_covered_display": "35", "missing_lines": 17, "excluded_lines": 0, "percent_statements_covered": 34.61538461538461, "percent_statements_covered_display": "35"}, "missing_lines": [88, 99, 108, 109, 110, 113, 119, 124, 132, 135, 139, 142, 143, 144, 150, 164, 166], "excluded_lines": [], "start_line": 54}, "RecommendationEngine._get_candidate_schemes": {"executed_lines": [185], "summary": {"covered_lines": 1, "num_statements": 1, "percent_covered": 100.0, "percent_covered_display": "100", "missing_lines": 0, "excluded_lines": 0, "percent_statements_covered": 100.0, "percent_statements_covered_display": "100"}, "missing_lines": [], "excluded_lines": [], "start_line": 168}, "RecommendationEngine._calculate_group_relevance": {"executed_lines": [], "summary": {"covered_lines": 0, "num_statements": 3, "percent_covered": 0.0, "percent_covered_display": "0", "missing_lines": 3, "excluded_lines": 0, "percent_statements_covered": 0.0, "percent_statements_covered_display": "0"}, "missing_lines": [208, 209, 211], "excluded_lines": [], "start_line": 187}, "RecommendationEngine._generate_explanation": {"executed_lines": [], "summary": {"covered_lines": 0, "num_statements": 31, "percent_covered": 0.0, "percent_covered_display": "0", "missing_lines": 31, "excluded_lines": 0, "percent_statements_covered": 0.0, "percent_statements_covered_display": "0"}, "missing_lines": [230, 233, 234, 241, 242, 243, 245, 246, 247, 248, 249, 250, 251, 252, 253, 254, 255, 256, 257, 258, 261, 262, 264, 267, 268, 270, 271, 272, 273, 275, 277], "excluded_lines": [], "start_line": 213}, "RecommendationEngine.invalidate_cache": {"executed_lines": [], "summary": {"covered_lines": 0, "num_statements": 2, "percent_covered": 0.0, "percent_covered_display": "0", "missing_lines": 2, "excluded_lines": 0, "percent_statements_covered": 0.0, "percent_statements_covered_display": "0"}, "missing_lines": [288, 289], "excluded_lines": [], "start_line": 279}, "RecommendationEngine._get_cached_recommendations": {"executed_lines": [304, 305], "summary": {"covered_lines": 2, "num_statements": 8, "percent_covered": 25.0, "percent_covered_display": "25", "missing_lines": 6, "excluded_lines": 0, "percent_statements_covered": 25.0, "percent_statements_covered_display": "25"}, "missing_lines": [307, 308, 311, 312, 313, 315], "excluded_lines": [], "start_line": 291}, "RecommendationEngine._cache_recommendations": {"executed_lines": [], "summary": {"covered_lines": 0, "num_statements": 1, "percent_covered": 0.0, "percent_covered_display": "0", "missing_lines": 1, "excluded_lines": 0, "percent_statements_covered": 0.0, "percent_statements_covered_display": "0"}, "missing_lines": [329], "excluded_lines": [], "start_line": 317}, "": {"executed_lines": [8, 9, 10, 12, 13, 14, 20, 33, 54, 168, 187, 213, 279, 291, 317], "summary": {"covered_lines": 15, "num_statements": 18, "percent_covered": 83.33333333333333, "percent_covered_display": "83", "missing_lines": 3, "excluded_lines": 0, "percent_statements_covered": 83.33333333333333, "percent_statements_covered_display": "83"}, "missing_lines": [15, 16, 17], "excluded_lines": [], "start_line": 1}}, "classes": {"RecommendationEngine": {"executed_lines": [45, 46, 47, 48, 51, 52, 82, 85, 86, 87, 91, 92, 95, 98, 102, 185, 304, 305], "summary": {"covered_lines": 18, "num_statements": 78, "percent_covered": 23.076923076923077, "percent_covered_display": "23", "missing_lines": 60, "excluded_lines": 0, "percent_statements_covered": 23.076923076923077, "percent_statements_covered_display": "23"}, "missing_lines": [88, 99, 108, 109, 110, 113, 119, 124, 132, 135, 139, 142, 143, 144, 150, 164, 166, 208, 209, 211, 230, 233, 234, 241, 242, 243, 245, 246, 247, 248, 249, 250, 251, 252, 253, 254, 255, 256, 257, 258, 261, 262, 264, 267, 268, 270, 271, 272, 273, 275, 277, 288, 289, 307, 308, 311, 312, 313, 315, 329], "excluded_lines": [], "start_line": 20}, "": {"executed_lines": [8, 9, 10, 12, 13, 14, 20, 33, 54, 168, 187, 213, 279, 291, 317], "summary": {"covered_lines": 15, "num_statements": 18, "percent_covered": 83.33333333333333, "percent_covered_display": "83", "missing_lines": 3, "excluded_lines": 0, "percent_statements_covered": 83.33333333333333, "percent_statements_covered_display": "83"}, "missing_lines": [15, 16, 17], "excluded_lines": [], "start_line": 1}}}, "ml-pipeline\\src\\user_classifier.py": {"executed_lines": [8, 9, 10, 11, 12, 13, 15, 16, 21, 30, 38, 39, 40, 46, 47, 48, 49, 51, 61, 67, 68, 71, 74, 75, 78, 81, 83, 91, 113, 117, 118, 121, 124, 125, 129, 132, 134, 136, 146, 154, 169, 170, 172, 174, 175, 176, 178, 189, 192, 199, 206, 208, 221, 225, 226, 229, 230, 233, 234, 236, 238, 239, 240, 241, 242, 243, 245, 257, 264, 266, 278, 287, 309], "summary": {"covered_lines": 73, "num_statements": 100, "percent_covered": 73.0, "percent_covered_display": "73", "missing_lines": 27, "excluded_lines": 0, "percent_statements_covered": 73.0, "percent_statements_covered_display": "73"}, "missing_lines": [17, 18, 62, 114, 139, 142, 143, 144, 180, 186, 222, 235, 276, 285, 294, 295, 297, 306, 307, 316, 317, 319, 320, 321, 322, 323, 324], "excluded_lines": [], "functions": {"UserClassifier.__init__": {"executed_lines": [38, 39, 40, 46, 47, 48, 49], "summary": {"covered_lines": 7, "num_statements": 7, "percent_covered": 100.0, "percent_covered_display": "100", "missing_lines": 0, "excluded_lines": 0, "percent_statements_covered": 100.0, "percent_statements_covered_display": "100"}, "missing_lines": [], "excluded_lines": [], "start_line": 30}, "UserClassifier.train": {"executed_lines": [61, 67, 68, 71, 74, 75, 78, 81, 83], "summary": {"covered_lines": 9, "num_statements": 10, "percent_covered": 90.0, "percent_covered_display": "90", "missing_lines": 1, "excluded_lines": 0, "percent_statements_covered": 90.0, "percent_statements_covered_display": "90"}, "missing_lines": [62], "excluded_lines": [], "start_line": 51}, "UserClassifier.classify_user": {"executed_lines": [113, 117, 118, 121, 124, 125, 129, 132, 134, 136, 146], "summary": {"covered_lines": 11, "num_statements": 16, "percent_covered": 68.75, "percent_covered_display": "69", "missing_lines": 5, "excluded_lines": 0, "percent_statements_covered": 68.75, "percent_statements_covered_display": "69"}, "missing_lines": [114, 139, 142, 143, 144], "excluded_lines": [], "start_line": 91}, "UserClassifier._analyze_clusters": {"executed_lines": [169, 170, 172, 174, 175, 176, 178, 189, 192, 199, 206], "summary": {"covered_lines": 11, "num_statements": 13, "percent_covered": 84.61538461538461, "percent_covered_display": "85", "missing_lines": 2, "excluded_lines": 0, "percent_statements_covered": 84.61538461538461, "percent_statements_covered_display": "85"}, "missing_lines": [180, 186], "excluded_lines": [], "start_line": 154}, "UserClassifier._compute_typical_profile": {"executed_lines": [221, 225, 226, 229, 230, 233, 238, 239, 240, 241, 242, 243, 245], "summary": {"covered_lines": 13, "num_statements": 14, "percent_covered": 92.85714285714286, "percent_covered_display": "93", "missing_lines": 1, "excluded_lines": 0, "percent_statements_covered": 92.85714285714286, "percent_statements_covered_display": "93"}, "missing_lines": [222], "excluded_lines": [], "start_line": 208}, "UserClassifier._compute_typical_profile.most_common": {"executed_lines": [234, 236], "summary": {"covered_lines": 2, "num_statements": 3, "percent_covered": 66.66666666666667, "percent_covered_display": "67", "missing_lines": 1, "excluded_lines": 0, "percent_statements_covered": 66.66666666666667, "percent_statements_covered_display": "67"}, "missing_lines": [235], "excluded_lines": [], "start_line": 233}, "UserClassifier._get_default_group_id": {"executed_lines": [264], "summary": {"covered_lines": 1, "num_statements": 1, "percent_covered": 100.0, "percent_covered_display": "100", "missing_lines": 0, "excluded_lines": 0, "percent_statements_covered": 100.0, "percent_statements_covered_display": "100"}, "missing_lines": [], "excluded_lines": [], "start_line": 257}, "UserClassifier.get_cluster_info": {"executed_lines": [], "summary": {"covered_lines": 0, "num_statements": 1, "percent_covered": 0.0, "percent_covered_display": "0", "missing_lines": 1, "excluded_lines": 0, "percent_statements_covered": 0.0, "percent_statements_covered_display": "0"}, "missing_lines": [276], "excluded_lines": [], "start_line": 266}, "UserClassifier.get_all_clusters_info": {"executed_lines": [], "summary": {"covered_lines": 0, "num_statements": 1, "percent_covered": 0.0, "percent_covered_display": "0", "missing_lines": 1, "excluded_lines": 0, "percent_statements_covered": 0.0, "percent_statements_covered_display": "0"}, "missing_lines": [285], "excluded_lines": [], "start_line": 278}, "UserClassifier.save_model": {"executed_lines": [], "summary": {"covered_lines": 0, "num_statements": 5, "percent_covered": 0.0, "percent_covered_display": "0", "missing_lines": 5, "excluded_lines": 0, "percent_statements_covered": 0.0, "percent_statements_covered_display": "0"}, "missing_lines": [294, 295, 297, 306, 307], "excluded_lines": [], "start_line": 287}, "UserClassifier.load_model": {"executed_lines": [], "summary": {"covered_lines": 0, "num_statements": 8, "percent_covered": 0.0, "percent_covered_display": "0", "missing_lines": 8, "excluded_lines": 0, "percent_statements_covered": 0.0, "percent_statements_covered_display": "0"}, "missing_lines": [316, 317, 319, 320, 321, 322, 323, 324], "excluded_lines": [], "start_line": 309}, "": {"executed_lines": [8, 9, 10, 11, 12, 13, 15, 16, 21, 30, 51, 91, 154, 208, 257, 266, 278, 287, 309], "summary": {"covered_lines": 19, "num_statements": 21, "percent_covered": 90.47619047619048, "percent_covered_display": "90", "missing_lines": 2, "excluded_lines": 0, "percent_statements_covered": 90.47619047619048, "percent_statements_covered_display": "90"}, "missing_lines": [17, 18], "excluded_lines": [], "start_line": 1}}, "classes": {"UserClassifier": {"executed_lines": [38, 39, 40, 46, 47, 48, 49, 61, 67, 68, 71, 74, 75, 78, 81, 83, 113, 117, 118, 121, 124, 125, 129, 132, 134, 136, 146, 169, 170, 172, 174, 175, 176, 178, 189, 192, 199, 206, 221, 225, 226, 229, 230, 233, 234, 236, 238, 239, 240, 241, 242, 243, 245, 264], "summary": {"covered_lines": 54, "num_statements": 79, "percent_covered": 68.35443037974683, "percent_covered_display": "68", "missing_lines": 25, "excluded_lines": 0, "percent_statements_covered": 68.35443037974683, "percent_statements_covered_display": "68"}, "missing_lines": [62, 114, 139, 142, 143, 144, 180, 186, 222, 235, 276, 285, 294, 295, 297, 306, 307, 316, 317, 319, 320, 321, 322, 323, 324], "excluded_lines": [], "start_line": 21}, "": {"executed_lines": [8, 9, 10, 11, 12, 13, 15, 16, 21, 30, 51, 91, 154, 208, 257, 266, 278, 287, 309], "summary": {"covered_lines": 19, "num_statements": 21, "percent_covered": 90.47619047619048, "percent_covered_display": "90", "missing_lines": 2, "excluded_lines": 0, "percent_statements_covered": 90.47619047619048, "percent_statements_covered_display": "90"}, "missing_lines": [17, 18], "excluded_lines": [], "start_line": 1}}}}, "totals": {"covered_lines": 264, "num_statements": 491, "percent_covered": 53.76782077393075, "percent_covered_display": "54", "missing_lines": 227, "excluded_lines": 0, "percent_statements_covered": 53.76782077393075, "percent_statements_covered_display": "54"}}